\BOOKMARK [1][-]{section.1}{Introduzione}{}% 1
\BOOKMARK [1][-]{section.2}{Stato dell'arte}{}% 2
\BOOKMARK [1][-]{section.3}{Nome}{}% 3
\BOOKMARK [1][-]{section.4}{Setup}{}% 4
\BOOKMARK [1][-]{section.5}{Ambiente}{}% 5
\BOOKMARK [1][-]{section.6}{ROS}{}% 6
\BOOKMARK [2][-]{subsection.6.1}{Descrizione}{section.6}% 7
\BOOKMARK [2][-]{subsection.6.2}{Bug}{section.6}% 8
\BOOKMARK [2][-]{subsection.6.3}{Gestione dei nodi}{section.6}% 9
\BOOKMARK [3][-]{subsubsection.6.3.1}{Webots node}{subsection.6.3}% 10
\BOOKMARK [3][-]{subsubsection.6.3.2}{Change node}{subsection.6.3}% 11
\BOOKMARK [3][-]{subsubsection.6.3.3}{Interaction node}{subsection.6.3}% 12
\BOOKMARK [3][-]{subsubsection.6.3.4}{Odometry node}{subsection.6.3}% 13
\BOOKMARK [1][-]{section.7}{Dipendenze}{}% 14
\BOOKMARK [1][-]{section.8}{Obbiettivo}{}% 15
\BOOKMARK [1][-]{section.9}{TIAGo Iron}{}% 16
\BOOKMARK [1][-]{section.10}{Modello del moto e posizionamento}{}% 17
\BOOKMARK [2][-]{subsection.10.1}{Orientamento}{section.10}% 18
\BOOKMARK [2][-]{subsection.10.2}{Spostamento}{section.10}% 19
\BOOKMARK [2][-]{subsection.10.3}{Posizionamento}{section.10}% 20
\BOOKMARK [1][-]{section.11}{Rilevamento delle collisioni}{}% 21
\BOOKMARK [1][-]{section.12}{Object recognition}{}% 22
\BOOKMARK [2][-]{subsection.12.1}{Campionamento delle immagini}{section.12}% 23
\BOOKMARK [2][-]{subsection.12.2}{Yolo}{section.12}% 24
\BOOKMARK [2][-]{subsection.12.3}{Triangolazione}{section.12}% 25
\BOOKMARK [2][-]{subsection.12.4}{Calcolo della distanza}{section.12}% 26
\BOOKMARK [2][-]{subsection.12.5}{Scarto dei duplicati}{section.12}% 27
\BOOKMARK [1][-]{section.13}{Posizione dei target}{}% 28
\BOOKMARK [2][-]{subsection.13.1}{Correzione dei valori}{section.13}% 29
\BOOKMARK [2][-]{subsection.13.2}{Modello probabilistico}{section.13}% 30
\BOOKMARK [1][-]{section.14}{Pianificazione del moto}{}% 31
\BOOKMARK [2][-]{subsection.14.1}{Modalit\340 di movimento}{section.14}% 32
\BOOKMARK [3][-]{subsubsection.14.1.1}{Modalit\340 esplorazione}{subsection.14.1}% 33
\BOOKMARK [3][-]{subsubsection.14.1.2}{Bug mode}{subsection.14.1}% 34
\BOOKMARK [3][-]{subsubsection.14.1.3}{Campi di potenziale}{subsection.14.1}% 35
\BOOKMARK [2][-]{subsection.14.2}{Pianificazione}{section.14}% 36
\BOOKMARK [1][-]{section.15}{Possibili modifiche}{}% 37
\BOOKMARK [1][-]{section.16}{Conclusioni}{}% 38
